<?xml version="1.0" encoding="UTF-8"?>
<!-- Generated by org.testng.reporters.JUnitXMLReporter -->
<testsuite hostname="ATDHDCTZB2" name="Test" tests="2" failures="2" timestamp="25 Feb 2020 12:51:12 GMT" time="0.036" errors="0">
  <testcase name="runTest" time="0.005" classname="runners.HomePageTestRunner">
    <failure type="java.lang.NullPointerException">
      <![CDATA[java.lang.NullPointerException
	at testListeners.TestListeners.onTestStart(TestListeners.java:32)
... Removed 21 stack frames]]>
    </failure>
  </testcase> <!-- runTest -->
  <testcase name="runTest" time="0.022" classname="runners.HomePageTestRunner">
    <failure type="java.lang.NullPointerException">
      <![CDATA[java.lang.NullPointerException
	at testListeners.TestListeners.onTestFailure(TestListeners.java:53)
... Removed 21 stack frames]]>
    </failure>
  </testcase> <!-- runTest -->
</testsuite> <!-- Test -->
