<?xml version="1.0" encoding="UTF-8"?>
<testng-results skipped="0" failed="0" total="1" passed="1">
  <reporter-output>
  </reporter-output>
  <suite name="Default suite" duration-ms="120700" started-at="2020-02-26T12:09:44Z" finished-at="2020-02-26T12:11:44Z">
    <groups>
    </groups>
    <test name="Default test" duration-ms="120700" started-at="2020-02-26T12:09:44Z" finished-at="2020-02-26T12:11:44Z">
      <class name="runners.SimpleInputFormRunner">
        <test-method status="PASS" signature="simpleInputFormTest()[pri:0, instance:runners.SimpleInputFormRunner@59f99ea]" name="simpleInputFormTest" duration-ms="120680" started-at="2020-02-26T17:39:44Z" finished-at="2020-02-26T17:41:44Z">
          <reporter-output>
          </reporter-output>
        </test-method> <!-- simpleInputFormTest -->
      </class> <!-- runners.SimpleInputFormRunner -->
    </test> <!-- Default test -->
  </suite> <!-- Default suite -->
</testng-results>
